<?xml version="1.0" encoding="UTF-8"?>
<!-- Generated by org.testng.reporters.JUnitReportReporter -->
<testsuite skipped="0" hostname="SVINLP00359" name="com.studentapp.junit.studentsinfo.TagsTest" tests="3" failures="0" timestamp="10 Sep 2019 13:04:03 GMT" time="22.447" errors="0">
  <testcase name="incorrectResource" time="6.599" classname="com.studentapp.junit.studentsinfo.TagsTest"/>
  <testcase name="verifyIfTheStatusCodeIs200" time="7.653" classname="com.studentapp.junit.studentsinfo.TagsTest"/>
  <testcase name="inValidMethod" time="8.195" classname="com.studentapp.junit.studentsinfo.TagsTest"/>
</testsuite> <!-- com.studentapp.junit.studentsinfo.TagsTest -->
